[2025-03-06 13:02:46.585] [DISPLAY] [Main ] [dx12] Retrieving D3D12 graphics info
[2025-03-06 13:02:46.987] [DISPLAY] [Main ] [launcher] Opening log file.
[2025-03-06 13:02:46.995] [DISPLAY] [Main ] [main] Command line: "C:\Program Files\Rockstar Games\Launcher\Launcher.exe" -skipPatcherCheck -steamAppId=3240220 -steamLocation "C:\Program Files (x86)\Steam\steamapps\common\Grand Theft Auto V Enhanced" @args.txt
[2025-03-06 13:02:46.995] [DISPLAY] [Main ] [main] P4 Version: 
[2025-03-06 13:02:46.995] [DISPLAY] [Main ] [main] RGL Branch: release_feature_charm
[2025-03-06 13:02:46.995] [DISPLAY] [Main ] [main] Version: 1.0.101.2370
[2025-03-06 13:02:46.995] [DISPLAY] [Main ] [main] Parameters:
[2025-03-06 13:02:46.995] [DISPLAY] [Main ] [main]     C:\Program Files\Rockstar Games\Launcher\Launcher.exe
[2025-03-06 13:02:46.995] [DISPLAY] [Main ] [main]     -skipPatcherCheck
[2025-03-06 13:02:46.995] [DISPLAY] [Main ] [main]     -steamAppId=3240220
[2025-03-06 13:02:46.995] [DISPLAY] [Main ] [main]     -steamLocation
[2025-03-06 13:02:46.995] [DISPLAY] [Main ] [main]     C:\Program Files (x86)\Steam\steamapps\common\Grand Theft Auto V Enhanced
[2025-03-06 13:02:46.995] [DISPLAY] [Main ] [main]     @args.txt
[2025-03-06 13:02:46.995] [DISPLAY] [Main ] [main] Initial Working Directory: C:\Program Files (x86)\Steam\steamapps\common\Grand Theft Auto V Enhanced
[2025-03-06 13:02:46.995] [DISPLAY] [Main ] [main] Working directory: C:\Program Files\Rockstar Games\Launcher
[2025-03-06 13:02:46.996] [DISPLAY] [Main ] [packfile] Initialize 'Launcher.rpf' - succeeded
[2025-03-06 13:02:46.996] [DISPLAY] [Main ] [localisation] Language updated to: 4
[2025-03-06 13:02:47.023] [DISPLAY] [Main ] [external] Creating Steam min mode launch
[2025-03-06 13:02:47.028] [DISPLAY] [Main ] [external] Steam App Id: 3240220
[2025-03-06 13:02:47.028] [DISPLAY] [Main ] [external] Steam Location: C:\Program Files (x86)\Steam\steamapps\common\Grand Theft Auto V Enhanced
[2025-03-06 13:02:47.029] [DISPLAY] [Main ] [metadatamanager] Read external Steam metadata: gta5_gen9
[2025-03-06 13:02:47.029] [DISPLAY] [Main ] [external] App: gta5_gen9
[2025-03-06 13:02:47.040] [ ERROR ] [Main ] [fileutils] Failed to delete directory: C:\Users\carlo\OneDrive\Documentos\Rockstar Games\GTAV Enhanced\User Music
[2025-03-06 13:02:47.041] [ ERROR ] [Main ] [fileutils] Failed to delete directory: C:\Users\carlo\OneDrive\Documentos\Rockstar Games\GTA V\User Music
[2025-03-06 13:02:47.044] [DISPLAY] [Main ] [titlestorage] Installed titles:
[2025-03-06 13:02:47.044] [DISPLAY] [Main ] [titlestorage]  Title                             Progress               Version              Location                                                    
[2025-03-06 13:02:47.062] [DISPLAY] [Main ] [svc] Service version: 1.0.101.2370 (1.0.101.2370)
[2025-03-06 13:02:47.192] [DISPLAY] [Main ] [minmode] Overriding language from external game launch: es-ES
[2025-03-06 13:02:47.192] [DISPLAY] [Main ] [localisation] Language updated to: 4
[2025-03-06 13:02:47.194] [DISPLAY] [Main ] [fileutils] Version: 2.4.0.52 | 1.0.101.2370 | FFP
[2025-03-06 13:02:47.217] [DISPLAY] [Workr] [selfupdate] Up-to-date.
[2025-03-06 13:02:47.313] [DISPLAY] [Main ] [systemtray] System tray: enabled
[2025-03-06 13:02:47.327] [DISPLAY] [Main ] [launcher] Passed check: majorVersion(10.0.26100) >= 10
[2025-03-06 13:02:47.749] [DISPLAY] [bgsvc] [svc] Received response from service.
[2025-03-06 13:02:47.773] [DISPLAY] [Workr] [idownloader] Starting download of 'https://gamedownloads-rockstargames-com.akamaized.net/public/launcher_online_config.xml'
[2025-03-06 13:02:48.182] [DISPLAY] [Workr] [idownloader] Completed download of 'https://gamedownloads-rockstargames-com.akamaized.net/public/launcher_online_config.xml' (status: 0/200)
[2025-03-06 13:02:48.182] [DISPLAY] [Workr] [titlemanager] Downloading title list...
[2025-03-06 13:02:48.182] [DISPLAY] [Workr] [titlemanager] Downloading default title list (SCS)...
[2025-03-06 13:02:48.182] [DISPLAY] [Workr] [idownloader] Starting download of 'https://rgl-prod.ros.rockstargames.com/launcher/11/LauncherServices/App.asmx/GetDefaultApps?accessToken='
[2025-03-06 13:02:49.086] [DISPLAY] [Workr] [idownloader] Completed download of 'https://rgl-prod.ros.rockstargames.com/launcher/11/LauncherServices/App.asmx/GetDefaultApps?accessToken=' (status: 0/200)
[2025-03-06 13:02:49.086] [DISPLAY] [Workr] [titlemanager] Title list updated.
[2025-03-06 13:02:49.086] [DISPLAY] [Workr] [launcher] Checking for self-update...
[2025-03-06 13:02:49.092] [DISPLAY] [Workr] [statuschecker] Title Rockstar Games Launcher: No update
[2025-03-06 13:02:49.097] [DISPLAY] [Workr] [launcher] No self-update, continuing.
[2025-03-06 13:02:49.097] [DISPLAY] [Workr] [launcher] Checking for prerequisite updates...
[2025-03-06 13:02:49.103] [DISPLAY] [Workr] [preqmanager] The Social Club version available matches that currently installed (both: 2.4.0.52)
[2025-03-06 13:02:49.103] [DISPLAY] [Workr] [titleupdater] No prerequisites to install.
[2025-03-06 13:02:49.103] [DISPLAY] [Workr] [launcher] Checking minimum SDK requirement
[2025-03-06 13:02:49.124] [DISPLAY] [Workr] [launcher] Completed Social Club Pre-initialization tasks
[2025-03-06 13:02:50.036] [DISPLAY] [Workr] [dx12] Retrieving D3D12 graphics info
[2025-03-06 13:02:50.658] [DISPLAY] [Main ] [launcher] Social Club UI has started.
[2025-03-06 13:02:50.659] [DISPLAY] [Admin] [external] Setting up steam title: gta5_gen9
[2025-03-06 13:02:50.659] [DISPLAY] [Admin] [external] Successfully setup title
[2025-03-06 13:02:50.675] [DISPLAY] [Main ] [external] Client is ready to attempt a launch.
[2025-03-06 13:02:50.675] [DISPLAY] [Main ] [external] Frontend is ready to launch the title
[2025-03-06 13:02:51.051] [DISPLAY] [Main ] [launcher] Time to start up: 4540 ms
[2025-03-06 13:02:51.055] [DISPLAY] [Main ] [systemtray] System tray: enabled
[2025-03-06 13:02:51.082] [DISPLAY] [Main ] [ui_window_controller] UiWindowController::SetContext: Invalid -> Auth
[2025-03-06 13:02:51.082] [DISPLAY] [Main ] [ui_window_controller] UiWindowController::SetState: Invalid -> WaitForBrowser
[2025-03-06 13:02:51.131] [DISPLAY] [Main ] [ui_window_controller] UiWindowController::SetState: WaitForBrowser -> WaitForWindow
[2025-03-06 13:02:52.863] [DISPLAY] [Main ] [ui_window_controller] UiWindowController::SetState: WaitForWindow -> Active
[2025-03-06 13:02:53.520] [DISPLAY] [Main ] [ui_window_controller] UiWindowController::SetState: Active -> WaitForBrowser
[2025-03-06 13:02:53.520] [DISPLAY] [Main ] [ui_window_controller] UiWindowController::SetState: WaitForBrowser -> WaitForWindow
[2025-03-06 13:02:53.520] [DISPLAY] [Main ] [ui_window_controller] UiWindowController::SetState: WaitForWindow -> Active
[2025-03-06 13:02:59.190] [DISPLAY] [Main ] [ui_window_controller] UiWindowController::SetContext: Auth -> MainWindow
[2025-03-06 13:02:59.190] [DISPLAY] [Main ] [ui_window_controller] UiWindowController::SetState: Active -> WaitForBrowser
[2025-03-06 13:02:59.216] [DISPLAY] [Main ] [ui_mainwindow] Using DPI 120,120
[2025-03-06 13:02:59.216] [DISPLAY] [Main ] [ui_mainwindow] Using UI Scale: 1.25
[2025-03-06 13:02:59.219] [DISPLAY] [Main ] [ui_mainwindow] Using saved geometry: 160,135 (1600 x 750)
[2025-03-06 13:02:59.264] [DISPLAY] [Main ] [launcher] Presence Event - Signed In
[2025-03-06 13:02:59.264] [DISPLAY] [Main ] [launcher] User 'elcalvatoxica' is now signed in
[2025-03-06 13:02:59.281] [DISPLAY] [Main ] [launcher] Presence Event :: Went Online
[2025-03-06 13:02:59.281] [DISPLAY] [Main ] [scuicallbacks] Enabling Downloading
[2025-03-06 13:02:59.281] [DISPLAY] [Admin] [titlemanager] Downloading title list...
[2025-03-06 13:02:59.285] [DISPLAY] [Main ] [ui_window_controller] UiWindowController::SetState: WaitForBrowser -> WaitForWindow
[2025-03-06 13:02:59.285] [DISPLAY] [Main ] [ui_window_controller] UiWindowController::SetState: WaitForWindow -> Active
[2025-03-06 13:02:59.286] [DISPLAY] [Admin] [titlemanager] Downloading title list (SCS)...
[2025-03-06 13:02:59.726] [DISPLAY] [Main ] [scuicallbacks] Setting updated
[2025-03-06 13:02:59.757] [DISPLAY] [Main ] [scuicallbacks] Launch requested by user: gta5_gen9, default
[2025-03-06 13:02:59.757] [DISPLAY] [Main ] [external] Frontend is ready to launch the title
[2025-03-06 13:02:59.757] [DISPLAY] [Main ] [external] Attempting external title launch...
[2025-03-06 13:02:59.760] [DISPLAY] [Main ] [launcher] Friend Event - Friends are Available
[2025-03-06 13:03:00.932] [DISPLAY] [Admin] [titlemanager] Title list updated.
[2025-03-06 13:03:00.934] [DISPLAY] [Admin] [external] Attempting Steam launch. User is 'G.O.W'
[2025-03-06 13:03:00.959] [DISPLAY] [Main ] [gamelaunch] Begin game launch: gta5_gen9
[2025-03-06 13:03:00.959] [DISPLAY] [Main ] [gamelaunch] Flags: 11
[2025-03-06 13:03:00.959] [DISPLAY] [Main ] [gamelaunch] Path: C:\Program Files (x86)\Steam\steamapps\common\Grand Theft Auto V Enhanced
[2025-03-06 13:03:00.978] [DISPLAY] [25172] [gamelaunch] Launch Folder: C:\Program Files (x86)\Steam\steamapps\common\Grand Theft Auto V Enhanced
[2025-03-06 13:03:00.978] [DISPLAY] [25172] [gamelaunch] Launch Path: C:\Program Files (x86)\Steam\steamapps\common\Grand Theft Auto V Enhanced\GTA5_Enhanced.exe
[2025-03-06 13:03:01.359] [DISPLAY] [25172] [gamelaunch] RGL is up to date (current: 1.0.101.2370, minimum: 1.0.90.1944)
[2025-03-06 13:03:01.362] [DISPLAY] [25172] [gamelaunch] Grand Theft Auto V Enhanced is up to date (current: 1.0.811.14, minimum: 1.0.0.0)
[2025-03-06 13:03:03.798] [DISPLAY] [Admin] [titlemanager] Downloading title list...
[2025-03-06 13:03:03.798] [DISPLAY] [Admin] [titlemanager] Downloading title list (SCS)...
[2025-03-06 13:03:04.822] [DISPLAY] [Admin] [titlemanager] Title list updated.
[2025-03-06 13:03:06.375] [DISPLAY] [Main ] [cloudsaveop] Cloud Save sync requested for app 'gta5_gen9'
[2025-03-06 13:03:06.394] [DISPLAY] [Main ] [cloudsaveop] Starting cloud save enabled check for app 'gta5_gen9'
[2025-03-06 13:03:06.399] [DISPLAY] [Main ] [cloudsaveop] Received cloud saves enabled state for app 'gta5_gen9' = enabled
[2025-03-06 13:03:06.399] [DISPLAY] [Main ] [cloudsaveop] Identifying potential cloud save conflicts for app 'gta5_gen9'
[2025-03-06 13:03:07.152] [DISPLAY] [Main ] [cloudsaveop] Received modification list of cloud save files for title 'gta5_gen9'
[2025-03-06 13:03:07.152] [DISPLAY] [Main ] [cloudsaveop] Retrieving conflict metadata for app 'gta5_gen9'
[2025-03-06 13:03:07.171] [DISPLAY] [Main ] [cloudsaveop] Downloaded conflict metadata for app 'gta5_gen9'
[2025-03-06 13:03:07.171] [DISPLAY] [Main ] [cloudsaveop] Posting updated files for app 'gta5_gen9'
[2025-03-06 13:03:07.190] [DISPLAY] [Main ] [cloudsaveop] File uploading completed for app 'gta5_gen9'
[2025-03-06 13:03:07.190] [DISPLAY] [Main ] [cloudsaveop] Getting update files for app 'gta5_gen9'
[2025-03-06 13:03:07.207] [DISPLAY] [Main ] [cloudsaveop] File downloading completed for app 'gta5_gen9'
[2025-03-06 13:03:07.207] [DISPLAY] [Main ] [cloudsaveop] Deleting updated files for app 'gta5_gen9'
[2025-03-06 13:03:07.227] [DISPLAY] [Main ] [cloudsaveop] Files deletion completed for app 'gta5_gen9'
[2025-03-06 13:03:07.227] [DISPLAY] [Main ] [cloudsaveop] Swapping updated files in place for app 'gta5_gen9'
[2025-03-06 13:03:07.245] [DISPLAY] [Main ] [cloudsaveop] Finished syncing cloud saves for app 'gta5_gen9'
[2025-03-06 13:03:08.290] [DISPLAY] [net2 ] [audio] Valid Audio Device: true
[2025-03-06 13:03:10.520] [DISPLAY] [25172] [gamelaunch] Launching game...
[2025-03-06 13:03:10.520] [DISPLAY] [25172] [gamelaunch]  Path: C:\Program Files (x86)\Steam\steamapps\common\Grand Theft Auto V Enhanced\GTA5_Enhanced_BE.exe
[2025-03-06 13:03:10.520] [DISPLAY] [25172] [gamelaunch]  Command Line: "C:\Program Files (x86)\Steam\steamapps\common\Grand Theft Auto V Enhanced\GTA5_Enhanced_BE.exe" -skipPatcherCheck -steamLocation "C:\Program Files (x86)\Steam\steamapps\common\Grand Theft Auto V Enhanced" @args.txt -enableCrashpad -useSteam -steamAppId=3240220 -scCommerceProvider=4 @commandline.txt -fromRGL -scDiscordClientId=1329870933695135785 -rglLanguage=es-ES
[2025-03-06 13:03:10.520] [DISPLAY] [25172] [gamelaunch]  Working Directory: C:\Program Files (x86)\Steam\steamapps\common\Grand Theft Auto V Enhanced
[2025-03-06 13:49:49.673] [DISPLAY] [25172] [gamelaunch] Game exited with code 0x0 (0)
[2025-03-06 13:49:49.703] [DISPLAY] [25172] [crashdetection] Game left no exit file.
[2025-03-06 13:49:49.703] [DISPLAY] [25172] [crashdetection] Exit code 0x0 indicates a clean game shutdown
[2025-03-06 13:49:49.731] [DISPLAY] [Main ] [cloudsaveop] Cloud Save sync requested for app 'gta5_gen9'
[2025-03-06 13:49:49.749] [DISPLAY] [Main ] [cloudsaveop] Starting cloud save enabled check for app 'gta5_gen9'
[2025-03-06 13:49:49.754] [DISPLAY] [Main ] [cloudsaveop] Received cloud saves enabled state for app 'gta5_gen9' = enabled
[2025-03-06 13:49:49.754] [DISPLAY] [Main ] [cloudsaveop] Identifying potential cloud save conflicts for app 'gta5_gen9'
[2025-03-06 13:49:50.753] [DISPLAY] [Main ] [cloudsaveop] Received modification list of cloud save files for title 'gta5_gen9'
[2025-03-06 13:49:50.753] [DISPLAY] [Main ] [cloudsaveop] Retrieving conflict metadata for app 'gta5_gen9'
[2025-03-06 13:49:50.771] [DISPLAY] [Main ] [cloudsaveop] Downloaded conflict metadata for app 'gta5_gen9'
[2025-03-06 13:49:50.771] [DISPLAY] [Main ] [cloudsaveop] Posting updated files for app 'gta5_gen9'
[2025-03-06 13:49:50.788] [DISPLAY] [Main ] [cloudsaveop] File uploading completed for app 'gta5_gen9'
[2025-03-06 13:49:50.788] [DISPLAY] [Main ] [cloudsaveop] Getting update files for app 'gta5_gen9'
[2025-03-06 13:49:50.805] [DISPLAY] [Main ] [cloudsaveop] File downloading completed for app 'gta5_gen9'
[2025-03-06 13:49:50.805] [DISPLAY] [Main ] [cloudsaveop] Deleting updated files for app 'gta5_gen9'
[2025-03-06 13:49:50.823] [DISPLAY] [Main ] [cloudsaveop] Files deletion completed for app 'gta5_gen9'
[2025-03-06 13:49:50.823] [DISPLAY] [Main ] [cloudsaveop] Swapping updated files in place for app 'gta5_gen9'
[2025-03-06 13:49:50.842] [DISPLAY] [Main ] [cloudsaveop] Finished syncing cloud saves for app 'gta5_gen9'
[2025-03-06 13:49:51.716] [DISPLAY] [25172] [launcher] Shutdown requested! Forced: false
[2025-03-06 13:49:51.720] [DISPLAY] [Main ] [launcher] StartShutdown - Now in progress
[2025-03-06 13:49:51.837] [WARNING] [Main ] [worker] Not adding job (15) due to thread exiting
[2025-03-06 13:49:51.852] [WARNING] [Main ] [worker] Not adding job (5) due to thread exiting
[2025-03-06 13:49:52.952] [DISPLAY] [Main ] [app] Application quit requested (exit code: 0)
[2025-03-06 13:49:53.034] [DISPLAY] [Main ] [svc] Stopping the background service.
