[2024-09-29 15:53:50.119] [DISPLAY] [Main ] [launcher] Opening log file.
[2024-09-29 15:53:50.122] [DISPLAY] [Main ] [main] Command line: "C:\Program Files\Rockstar Games\Launcher\Launcher.exe" -skipPatcherCheck -steamAppId=1174180 -steamLocation "C:\Program Files (x86)\Steam\steamapps\common\Red Dead Redemption 2" @args.txt
[2024-09-29 15:53:50.122] [DISPLAY] [Main ] [main] P4 Version: 
[2024-09-29 15:53:50.122] [DISPLAY] [Main ] [main] RGL Branch: release_10
[2024-09-29 15:53:50.122] [DISPLAY] [Main ] [main] Version: 1.0.95.2152
[2024-09-29 15:53:50.122] [DISPLAY] [Main ] [main] Parameters:
[2024-09-29 15:53:50.122] [DISPLAY] [Main ] [main]     C:\Program Files\Rockstar Games\Launcher\Launcher.exe
[2024-09-29 15:53:50.122] [DISPLAY] [Main ] [main]     -skipPatcherCheck
[2024-09-29 15:53:50.122] [DISPLAY] [Main ] [main]     -steamAppId=1174180
[2024-09-29 15:53:50.122] [DISPLAY] [Main ] [main]     -steamLocation
[2024-09-29 15:53:50.122] [DISPLAY] [Main ] [main]     C:\Program Files (x86)\Steam\steamapps\common\Red Dead Redemption 2
[2024-09-29 15:53:50.122] [DISPLAY] [Main ] [main]     @args.txt
[2024-09-29 15:53:50.122] [DISPLAY] [Main ] [main] Initial Working Directory: C:\Program Files (x86)\Steam\steamapps\common\Red Dead Redemption 2
[2024-09-29 15:53:50.122] [DISPLAY] [Main ] [main] Working directory: C:\Program Files\Rockstar Games\Launcher
[2024-09-29 15:53:50.138] [DISPLAY] [Main ] [external] Creating Steam min mode launch
[2024-09-29 15:53:50.140] [DISPLAY] [Main ] [external] Steam App Id: 1174180
[2024-09-29 15:53:50.140] [DISPLAY] [Main ] [external] Steam Location: C:\Program Files (x86)\Steam\steamapps\common\Red Dead Redemption 2
[2024-09-29 15:53:50.141] [DISPLAY] [Main ] [metadatamanager] Read external Steam metadata: rdr2
[2024-09-29 15:53:50.141] [DISPLAY] [Main ] [external] App: rdr2
[2024-09-29 15:53:50.153] [DISPLAY] [Main ] [localisation] Language updated to: 4
[2024-09-29 15:53:50.163] [DISPLAY] [Main ] [titlemanager] Installed titles:
[2024-09-29 15:53:50.163] [DISPLAY] [Main ] [titlemanager]  Title                             Progress               Version              Location                                                    
[2024-09-29 15:53:50.170] [DISPLAY] [Main ] [svc] Service version: 1.0.95.2152 (1.0.95.2152)
[2024-09-29 15:53:50.255] [DISPLAY] [Main ] [minmode] Overriding language from external game launch: es-ES
[2024-09-29 15:53:50.255] [DISPLAY] [Main ] [localisation] Language updated to: 4
[2024-09-29 15:53:50.255] [DISPLAY] [Main ] [fileutils] Version: 2.3.6.5 | 1.0.95.2152 | FFP
[2024-09-29 15:53:50.272] [DISPLAY] [Workr] [selfupdate] Up-to-date.
[2024-09-29 15:53:50.607] [DISPLAY] [bgsvc] [svc] Received response from service.
[2024-09-29 15:53:50.829] [DISPLAY] [Main ] [systemtray] System tray: enabled
[2024-09-29 15:53:50.842] [DISPLAY] [Main ] [launcher] Passed check: majorVersion(10.0.22631) >= 10
[2024-09-29 15:53:50.847] [DISPLAY] [Workr] [idownloader] Starting download of 'https://gamedownloads-rockstargames-com.akamaized.net/public/launcher_online_config.xml'
[2024-09-29 15:53:51.035] [DISPLAY] [Workr] [idownloader] Completed download of 'https://gamedownloads-rockstargames-com.akamaized.net/public/launcher_online_config.xml' (status: 0/200)
[2024-09-29 15:53:51.035] [DISPLAY] [Workr] [titlemanager] Downloading title list...
[2024-09-29 15:53:51.035] [DISPLAY] [Workr] [titlemanager] Downloading default title list (SCS)...
[2024-09-29 15:53:51.035] [DISPLAY] [Workr] [idownloader] Starting download of 'https://rgl-prod.ros.rockstargames.com/launcher/11/LauncherServices/App.asmx/GetDefaultApps?accessToken='
[2024-09-29 15:53:51.657] [DISPLAY] [Workr] [idownloader] Completed download of 'https://rgl-prod.ros.rockstargames.com/launcher/11/LauncherServices/App.asmx/GetDefaultApps?accessToken=' (status: 0/200)
[2024-09-29 15:53:51.657] [DISPLAY] [Workr] [titlemanager] Title list updated.
[2024-09-29 15:53:51.657] [DISPLAY] [Workr] [launcher] Checking for self-update...
[2024-09-29 15:53:51.664] [DISPLAY] [Workr] [statuschecker] Title Rockstar Games Launcher: No update
[2024-09-29 15:53:51.669] [DISPLAY] [Workr] [launcher] No self-update, continuing.
[2024-09-29 15:53:51.669] [DISPLAY] [Workr] [launcher] Checking for prerequisite updates...
[2024-09-29 15:53:51.671] [DISPLAY] [Workr] [preqmanager] The Social Club version available matches that currently installed (both: 2.3.6.5)
[2024-09-29 15:53:51.671] [DISPLAY] [Workr] [titleupdater] No prerequisites to install.
[2024-09-29 15:53:51.671] [DISPLAY] [Workr] [launcher] Checking minimum SDK requirement
[2024-09-29 15:53:51.672] [DISPLAY] [Workr] [launcher] Completed Social Club Pre-initialization tasks
[2024-09-29 15:53:52.551] [DISPLAY] [Main ] [launcher] Social Club UI has started.
[2024-09-29 15:53:52.552] [DISPLAY] [Admin] [external] Setting up steam title: rdr2
[2024-09-29 15:53:52.552] [DISPLAY] [Admin] [external] Successfully setup title
[2024-09-29 15:53:52.569] [DISPLAY] [Main ] [external] Client is ready to attempt a launch.
[2024-09-29 15:53:53.927] [DISPLAY] [Main ] [launcher] Time to start up: 3872 ms
[2024-09-29 15:53:53.932] [DISPLAY] [Main ] [ui_mainwindow] Using DPI 120,120
[2024-09-29 15:53:53.932] [DISPLAY] [Main ] [ui_mainwindow] Using UI Scale: 1.25
[2024-09-29 15:53:53.932] [DISPLAY] [Main ] [ui_mainwindow] Using saved geometry: 160,135 (1600 x 750)
[2024-09-29 15:53:53.960] [DISPLAY] [Main ] [systemtray] System tray: enabled
[2024-09-29 16:17:34.580] [DISPLAY] [Main ] [launcher] Presence Event - Signed In
[2024-09-29 16:17:34.580] [DISPLAY] [Main ] [launcher] User 'elcalvatoxica' is now signed in
[2024-09-29 16:17:34.609] [WARNING] [Main ] [settingsmanager] Couldn't read settings file C:\Users\carlo\OneDrive\Documentos\Rockstar Games\Launcher\Profiles\A053A8EC\settings_account.dat; using defaults.
[2024-09-29 16:17:34.610] [DISPLAY] [Main ] [launcher] Presence Event :: Went Online
[2024-09-29 16:17:34.610] [DISPLAY] [Admin] [titlemanager] Downloading title list...
[2024-09-29 16:17:34.610] [DISPLAY] [Admin] [titlemanager] Downloading title list (SCS)...
[2024-09-29 16:17:35.241] [DISPLAY] [Main ] [scuicallbacks] Enabling Downloading
[2024-09-29 16:17:35.241] [DISPLAY] [Main ] [scuicallbacks] Setting updated
[2024-09-29 16:17:35.241] [DISPLAY] [Main ] [scuicallbacks] Launch requested
[2024-09-29 16:17:35.241] [DISPLAY] [Main ] [scuicallbacks] Launch requested by user: rdr2, 
[2024-09-29 16:17:35.241] [DISPLAY] [Main ] [external] Frontend is ready to launch the title
[2024-09-29 16:17:35.241] [DISPLAY] [Main ] [external] Attempting external title launch...
[2024-09-29 16:17:35.289] [DISPLAY] [Main ] [launcher] Friend Event - Friends are Available
[2024-09-29 16:17:35.293] [DISPLAY] [Setti] [localisation] Language updated to: 4
[2024-09-29 16:17:36.063] [DISPLAY] [Admin] [titlemanager] Title list updated.
[2024-09-29 16:17:36.070] [DISPLAY] [Admin] [external] Attempting Steam launch. User is 'G.O.W'
[2024-09-29 16:17:36.145] [DISPLAY] [35500] [gamelaunch] RGL is up to date (current: 1.0.95.2152, minimum: 1.0.26.268)
[2024-09-29 16:17:36.147] [DISPLAY] [35500] [gamelaunch] Red Dead Redemption 2 is up to date (current: 1.0.1491.50, minimum: 1.0.1311.12)
[2024-09-29 16:17:37.642] [DISPLAY] [Admin] [titlemanager] Downloading title list...
[2024-09-29 16:17:37.642] [DISPLAY] [Admin] [titlemanager] Downloading title list (SCS)...
[2024-09-29 16:17:38.403] [DISPLAY] [Admin] [titlemanager] Title list updated.
[2024-09-29 16:17:40.608] [DISPLAY] [Main ] [cloudsaveop] Cloud Save sync requested for app 'rdr2'
[2024-09-29 16:17:40.625] [DISPLAY] [Main ] [cloudsaveop] Starting cloud save enabled check for app 'rdr2'
[2024-09-29 16:17:50.353] [DISPLAY] [Main ] [cloudsaveop] Received cloud saves enabled state for app 'rdr2' = disabled
[2024-09-29 16:17:50.353] [DISPLAY] [Main ] [cloudsaveop] Finished syncing cloud saves for app 'rdr2'
[2024-09-29 16:17:50.355] [DISPLAY] [Main ] [cloudsaveop] Received cloud saves enabled state for app 'rdr2' = disabled
[2024-09-29 16:17:51.012] [DISPLAY] [net2 ] [audio] Valid Audio Device: true
[2024-09-29 16:17:52.000] [DISPLAY] [35500] [gamelaunch] Launching game...
[2024-09-29 16:17:52.000] [DISPLAY] [35500] [gamelaunch]  Path: C:\Program Files (x86)\Steam\steamapps\common\Red Dead Redemption 2\RDR2.exe
[2024-09-29 16:17:52.000] [DISPLAY] [35500] [gamelaunch]  Command Line: "C:\Program Files (x86)\Steam\steamapps\common\Red Dead Redemption 2\RDR2.exe" -skipPatcherCheck -steamLocation "C:\Program Files (x86)\Steam\steamapps\common\Red Dead Redemption 2" @args.txt -enableCrashpad -useSteam -steamAppId=1174180 -scCommerceProvider=4 @commandline.txt -rglLanguage=es-ES
[2024-09-29 16:17:52.000] [DISPLAY] [35500] [gamelaunch]  Working Directory: C:\Program Files (x86)\Steam\steamapps\common\Red Dead Redemption 2
[2024-09-29 16:53:51.039] [DISPLAY] [Admin] [idownloader] Starting download of 'https://gamedownloads-rockstargames-com.akamaized.net/public/launcher_online_config.xml'
[2024-09-29 16:53:51.355] [DISPLAY] [Admin] [idownloader] Completed download of 'https://gamedownloads-rockstargames-com.akamaized.net/public/launcher_online_config.xml' (status: 0/200)
[2024-09-29 17:53:51.368] [DISPLAY] [Admin] [idownloader] Starting download of 'https://gamedownloads-rockstargames-com.akamaized.net/public/launcher_online_config.xml'
[2024-09-29 17:53:51.682] [DISPLAY] [Admin] [idownloader] Completed download of 'https://gamedownloads-rockstargames-com.akamaized.net/public/launcher_online_config.xml' (status: 0/200)
[2024-09-29 18:11:01.356] [DISPLAY] [35500] [gamelaunch] Game exited with code 0x0 (0)
[2024-09-29 18:11:01.409] [DISPLAY] [35500] [crashdetection] Reading game exit file...
[2024-09-29 18:11:01.410] [DISPLAY] [35500] [crashdetection] Updating exit code: 0x00000000
[2024-09-29 18:11:01.410] [WARNING] [35500] [crashdetection] Not found: ERROR_FILE_HASH
[2024-09-29 18:11:01.410] [DISPLAY] [35500] [crashdetection] No additional error information found.
[2024-09-29 18:11:01.410] [WARNING] [35500] [crashdetection] Not found: ERROR_MESSAGE
[2024-09-29 18:11:01.410] [DISPLAY] [35500] [crashdetection] No additional error message found.
[2024-09-29 18:11:01.410] [DISPLAY] [35500] [crashdetection] Deleting game exit file...
[2024-09-29 18:11:01.410] [DISPLAY] [35500] [crashdetection] Exit code 0x0 indicates a clean game shutdown
[2024-09-29 18:11:01.422] [DISPLAY] [Main ] [cloudsaveop] Cloud Save sync requested for app 'rdr2'
[2024-09-29 18:11:01.439] [DISPLAY] [Main ] [cloudsaveop] Starting cloud save enabled check for app 'rdr2'
[2024-09-29 18:11:01.442] [DISPLAY] [Main ] [cloudsaveop] Received cloud saves enabled state for app 'rdr2' = disabled
[2024-09-29 18:11:01.443] [DISPLAY] [Main ] [cloudsaveop] Finished syncing cloud saves for app 'rdr2'
[2024-09-29 18:11:02.168] [DISPLAY] [35500] [launcher] Shutdown requested! Forced: false
[2024-09-29 18:11:02.172] [DISPLAY] [Main ] [launcher] StartShutdown - Now in progress
[2024-09-29 18:11:02.217] [DISPLAY] [Setti] [localisation] Language updated to: 4
[2024-09-29 18:11:02.285] [WARNING] [Main ] [worker] Not adding job due to thread exiting
[2024-09-29 18:11:02.325] [DISPLAY] [Setti] [localisation] Language updated to: 4
[2024-09-29 18:11:03.236] [DISPLAY] [Main ] [app] Application quit requested (exit code: 0)
[2024-09-29 18:11:03.332] [DISPLAY] [Main ] [svc] Stopping the background service.
